<?xml version="1.0" encoding="UTF-8"?>
<!-- Generated by org.testng.reporters.JUnitReportReporter -->
<testsuite skipped="0" hostname="ASDW0063" name="myAutomation.QaitAutomation" tests="12" failures="0" timestamp="10 Sep 2018 11:26:31 GMT" time="64.482" errors="0">
  <testcase name="QALink" time="9.127" classname="myAutomation.QaitAutomation"/>
  <testcase name="about" time="0.161" classname="myAutomation.QaitAutomation"/>
  <testcase name="services" time="3.158" classname="myAutomation.QaitAutomation"/>
  <testcase name="verticals" time="3.140" classname="myAutomation.QaitAutomation"/>
  <testcase name="knowledgeCenter" time="3.212" classname="myAutomation.QaitAutomation"/>
  <testcase name="team" time="3.138" classname="myAutomation.QaitAutomation"/>
  <testcase name="news" time="3.146" classname="myAutomation.QaitAutomation"/>
  <testcase name="contact" time="3.136" classname="myAutomation.QaitAutomation"/>
  <testcase name="careers" time="10.531" classname="myAutomation.QaitAutomation"/>
  <testcase name="jobOpportunities" time="6.213" classname="myAutomation.QaitAutomation"/>
  <testcase name="QATV" time="12.431" classname="myAutomation.QaitAutomation"/>
  <testcase name="employeeSpeak" time="7.089" classname="myAutomation.QaitAutomation"/>
</testsuite> <!-- myAutomation.QaitAutomation -->
